groundsGuide/proguard/seeds.txt
com.example.groundsGuide.MainActivity
com.example.groundsGuide.MainActivity: MainActivity()
com.example.groundsGuide.R$anim: int abc_fade_in
com.example.groundsGuide.R$anim: int abc_fade_out
com.example.groundsGuide.R$anim: int abc_slide_in_bottom
com.example.groundsGuide.R$anim: int abc_slide_in_top
com.example.groundsGuide.R$anim: int abc_slide_out_bottom
com.example.groundsGuide.R$anim: int abc_slide_out_top
com.example.groundsGuide.R$attr: int actionBarDivider
com.example.groundsGuide.R$attr: int actionBarItemBackground
com.example.groundsGuide.R$attr: int actionBarSize
com.example.groundsGuide.R$attr: int actionBarSplitStyle
com.example.groundsGuide.R$attr: int actionBarStyle
com.example.groundsGuide.R$attr: int actionBarTabBarStyle
com.example.groundsGuide.R$attr: int actionBarTabStyle
com.example.groundsGuide.R$attr: int actionBarTabTextStyle
com.example.groundsGuide.R$attr: int actionBarWidgetTheme
com.example.groundsGuide.R$attr: int actionButtonStyle
com.example.groundsGuide.R$attr: int actionDropDownStyle
com.example.groundsGuide.R$attr: int actionLayout
com.example.groundsGuide.R$attr: int actionMenuTextAppearance
com.example.groundsGuide.R$attr: int actionMenuTextColor
com.example.groundsGuide.R$attr: int actionModeBackground
com.example.groundsGuide.R$attr: int actionModeCloseButtonStyle
com.example.groundsGuide.R$attr: int actionModeCloseDrawable
com.example.groundsGuide.R$attr: int actionModeCopyDrawable
com.example.groundsGuide.R$attr: int actionModeCutDrawable
com.example.groundsGuide.R$attr: int actionModeFindDrawable
com.example.groundsGuide.R$attr: int actionModePasteDrawable
com.example.groundsGuide.R$attr: int actionModePopupWindowStyle
com.example.groundsGuide.R$attr: int actionModeSelectAllDrawable
com.example.groundsGuide.R$attr: int actionModeShareDrawable
com.example.groundsGuide.R$attr: int actionModeSplitBackground
com.example.groundsGuide.R$bool: int abc_action_bar_embed_tabs_pre_jb
com.example.groundsGuide.R$bool: int abc_action_bar_expanded_action_views_exclusive
com.example.groundsGuide.R$bool: int abc_config_actionMenuItemAllCaps
com.example.groundsGuide.R$bool: int abc_config_allowActionMenuItemTextWithIcon
com.example.groundsGuide.R$bool: int abc_config_showMenuShortcutsWhenKeyboardPresent
com.example.groundsGuide.R$bool: int abc_split_action_bar_is_narrow
com.example.groundsGuide.R$color: int abc_search_url_text_holo
com.example.groundsGuide.R$color: int abc_search_url_text_normal
com.example.groundsGuide.R$color: int abc_search_url_text_pressed
com.example.groundsGuide.R$color: int abc_search_url_text_selected
com.example.groundsGuide.R$color: int common_action_bar_splitter
com.example.groundsGuide.R$color: int common_signin_btn_dark_text_default
com.example.groundsGuide.R$color: int common_signin_btn_dark_text_disabled
com.example.groundsGuide.R$color: int common_signin_btn_dark_text_focused
com.example.groundsGuide.R$color: int common_signin_btn_dark_text_pressed
com.example.groundsGuide.R$color: int common_signin_btn_default_background
com.example.groundsGuide.R$color: int common_signin_btn_light_text_default
com.example.groundsGuide.R$color: int common_signin_btn_light_text_disabled
com.example.groundsGuide.R$color: int common_signin_btn_light_text_focused
com.example.groundsGuide.R$color: int common_signin_btn_light_text_pressed
com.example.groundsGuide.R$color: int common_signin_btn_text_dark
com.example.groundsGuide.R$color: int common_signin_btn_text_light
...
com.google.android.gms.cast.ApplicationMetadata
com.google.android.gms.cast.ApplicationMetadata: android.os.Parcelable$Creator CREATOR
com.google.android.gms.cast.CastDevice
com.google.android.gms.cast.CastDevice: android.os.Parcelable$Creator CREATOR
com.google.android.gms.common.SignInButton: void setSize(int)
com.google.android.gms.common.SignInButton: void setColorScheme(int)
com.google.android.gms.common.SignInButton: void setOnClickListener(android.view.View$OnClickListener)
com.google.android.gms.common.SignInButton: void setEnabled(boolean)
com.google.android.gms.common.api.Status
com.google.android.gms.common.data.DataHolder
com.google.android.gms.common.images.ImageManager$ImageReceiver
com.google.android.gms.common.images.WebImage
com.google.android.gms.common.images.WebImage: android.os.Parcelable$Creator CREATOR
com.google.android.gms.common.internal.safeparcel.SafeParcelable
com.google.android.gms.drive.Contents
com.google.android.gms.drive.Contents: android.os.Parcelable$Creator CREATOR
com.google.android.gms.drive.DriveId
com.google.android.gms.drive.DriveId: android.os.Parcelable$Creator CREATOR
com.google.android.gms.drive.events.ChangeEvent
com.google.android.gms.drive.events.ChangeEvent: android.os.Parcelable$Creator CREATOR
com.google.android.gms.drive.events.ConflictEvent
com.google.android.gms.drive.events.ConflictEvent: android.os.Parcelable$Creator CREATOR
com.google.android.gms.drive.events.DriveEvent
com.google.android.gms.drive.events.ResourceEvent
com.google.android.gms.drive.internal.AddEventListenerRequest
com.google.android.gms.drive.internal.AddEventListenerRequest: android.os.Parcelable$Creator CREATOR
com.google.android.gms.drive.internal.AuthorizeAccessRequest
com.google.android.gms.drive.internal.AuthorizeAccessRequest: android.os.Parcelable$Creator CREATOR
com.google.android.gms.drive.internal.CloseContentsAndUpdateMetadataRequest
com.google.android.gms.drive.internal.CloseContentsAndUpdateMetadataRequest: android.os.Parcelable$Creator CREATOR
com.google.android.gms.drive.internal.CloseContentsRequest
com.google.android.gms.drive.internal.CloseContentsRequest: android.os.Parcelable$Creator CREATOR
com.google.android.gms.drive.internal.CreateContentsRequest
com.google.android.gms.drive.internal.CreateContentsRequest: android.os.Parcelable$Creator CREATOR
com.google.android.gms.drive.internal.CreateFileIntentSenderRequest
com.google.android.gms.drive.internal.CreateFileIntentSenderRequest: android.os.Parcelable$Creator CREATOR
com.google.android.gms.drive.internal.CreateFileRequest
com.google.android.gms.drive.internal.CreateFileRequest: android.os.Parcelable$Creator CREATOR
com.google.android.gms.drive.internal.CreateFolderRequest
com.google.android.gms.drive.internal.CreateFolderRequest: android.os.Parcelable$Creator CREATOR
com.google.android.gms.drive.internal.DisconnectRequest
com.google.android.gms.drive.internal.DisconnectRequest: android.os.Parcelable$Creator CREATOR
com.google.android.gms.drive.internal.GetMetadataRequest
com.google.android.gms.drive.internal.GetMetadataRequest: android.os.Parcelable$Creator CREATOR
com.google.android.gms.drive.internal.ListParentsRequest
com.google.android.gms.drive.internal.ListParentsRequest: android.os.Parcelable$Creator CREATOR
com.google.android.gms.drive.internal.OnContentsResponse
com.google.android.gms.drive.internal.OnContentsResponse: android.os.Parcelable$Creator CREATOR
com.google.android.gms.drive.internal.OnDownloadProgressResponse
com.google.android.gms.drive.internal.OnDownloadProgressResponse: android.os.Parcelable$Creator CREATOR
com.google.android.gms.drive.internal.OnDriveIdResponse
com.google.android.gms.drive.internal.OnDriveIdResponse: android.os.Parcelable$Creator CREATOR
com.google.android.gms.drive.internal.OnEventResponse
com.google.android.gms.drive.internal.OnEventResponse: android.os.Parcelable$Creator CREATOR