groundsGuide/proguard/mapping.txt
com.example.groundsGuide.MainActivity -> com.example.groundsGuide.MainActivity:
    void onCreate(android.os.Bundle) -> onCreate
...
android.support.v7.internal.view.menu.ActionMenuPresenter$ActionButtonSubmenu -> android.support.v7.internal.view.menu.c:
    android.support.v7.internal.view.menu.ActionMenuPresenter this$0 -> a
    void onDismiss(android.content.DialogInterface) -> onDismiss
android.support.v7.internal.view.menu.ActionMenuPresenter$OpenOverflowRunnable -> android.support.v7.internal.view.menu.d:
    android.support.v7.internal.view.menu.ActionMenuPresenter$OverflowPopup mPopup -> b
    android.support.v7.internal.view.menu.ActionMenuPresenter this$0 -> a
    void run() -> run
android.support.v7.internal.view.menu.ActionMenuPresenter$OverflowMenuButton -> android.support.v7.internal.view.menu.e:
    android.support.v7.internal.view.menu.ActionMenuPresenter this$0 -> a
    boolean performClick() -> performClick
    boolean needsDividerBefore() -> c
    boolean needsDividerAfter() -> d
android.support.v7.internal.view.menu.ActionMenuPresenter$OverflowPopup -> android.support.v7.internal.view.menu.f:
    android.support.v7.internal.view.menu.ActionMenuPresenter this$0 -> a
    void onDismiss() -> onDismiss
android.support.v7.internal.view.menu.ActionMenuPresenter$PopupPresenterCallback -> android.support.v7.internal.view.menu.g:
    android.support.v7.internal.view.menu.ActionMenuPresenter this$0 -> a
    boolean onOpenSubMenu(android.support.v7.internal.view.menu.MenuBuilder) -> a
    void onCloseMenu(android.support.v7.internal.view.menu.MenuBuilder,boolean) -> a
android.support.v7.internal.view.menu.ActionMenuPresenter$SavedState -> android.support.v7.internal.view.menu.ActionMenuPresenter$SavedState:
    int openSubMenuId -> a
    android.os.Parcelable$Creator CREATOR -> CREATOR
    int describeContents() -> describeContents
    void writeToParcel(android.os.Parcel,int) -> writeToParcel
android.support.v7.internal.view.menu.ActionMenuPresenter$SavedState$1 -> android.support.v7.internal.view.menu.h:
    android.support.v7.internal.view.menu.ActionMenuPresenter$SavedState createFromParcel(android.os.Parcel) -> a
    android.support.v7.internal.view.menu.ActionMenuPresenter$SavedState[] newArray(int) -> a
    java.lang.Object[] newArray(int) -> newArray
    java.lang.Object createFromParcel(android.os.Parcel) -> createFromParcel
android.support.v7.internal.view.menu.ActionMenuView -> android.support.v7.internal.view.menu.ActionMenuView:
    android.support.v7.internal.view.menu.MenuBuilder mMenu -> a
    boolean mReserveOverflow -> b
    android.support.v7.internal.view.menu.ActionMenuPresenter mPresenter -> c
    boolean mFormatItems -> d
    int mFormatItemsWidth -> e
    int mMinCellSize -> f
    int mGeneratedItemPadding -> g
    int mMeasuredExtraWidth -> h
    int mMaxItemHeight -> i
    void setPresenter(android.support.v7.internal.view.menu.ActionMenuPresenter) -> setPresenter
    void onConfigurationChanged(android.content.res.Configuration) -> onConfigurationChanged
    void onMeasure(int,int) -> onMeasure
    void onMeasureExactFormat(int,int) -> a
    int measureChildForCells(android.view.View,int,int,int,int) -> a
    void onLayout(boolean,int,int,int,int) -> onLayout
    void onDetachedFromWindow() -> onDetachedFromWindow
    void setOverflowReserved(boolean) -> setOverflowReserved
    android.support.v7.internal.view.menu.ActionMenuView$LayoutParams generateDefaultLayoutParams() -> a
    android.support.v7.internal.view.menu.ActionMenuView$LayoutParams generateLayoutParams(android.util.AttributeSet) -> a
    android.support.v7.internal.view.menu.ActionMenuView$LayoutParams generateLayoutParams(android.view.ViewGroup$LayoutParams) -> a
    boolean checkLayoutParams(android.view.ViewGroup$LayoutParams) -> checkLayoutParams
android.support.v7.internal.view.menu.ActionMenuView$ActionMenuChildView -> android.support.v7.internal.view.menu.i:
    boolean needsDividerBefore() -> c
    boolean needsDividerAfter() -> d