groundsGuide/proguard/usage.txt
com.example.groundsGuide.BuildConfig
com.example.groundsGuide.Manifest
com.example.groundsGuide.Manifest$permission
com.example.groundsGuide.R
com.example.groundsGuide.R$anim
com.example.groundsGuide.R$attr
com.example.groundsGuide.R$bool
com.example.groundsGuide.R$color
com.example.groundsGuide.R$dimen
com.example.groundsGuide.R$drawable
com.example.groundsGuide.R$id
com.example.groundsGuide.R$integer
com.example.groundsGuide.R$layout
com.example.groundsGuide.R$string
com.example.groundsGuide.R$style
com.example.groundsGuide.R$styleable
...
com.google.android.gms.drive.internal.CreateFolderRequest:
    public CreateFolderRequest(com.google.android.gms.drive.DriveId,com.google.android.gms.drive.metadata.internal.MetadataBundle)
com.google.android.gms.drive.internal.GetMetadataRequest:
    public GetMetadataRequest(com.google.android.gms.drive.DriveId)
com.google.android.gms.drive.internal.ListParentsRequest:
    public ListParentsRequest(com.google.android.gms.drive.DriveId)
com.google.android.gms.drive.internal.OnContentsResponse:
    public com.google.android.gms.drive.Contents eX()
com.google.android.gms.drive.internal.OnDownloadProgressResponse:
    public long eY()
    public long eZ()
com.google.android.gms.drive.internal.OnDriveIdResponse:
    public com.google.android.gms.drive.DriveId getDriveId()
com.google.android.gms.drive.internal.OnEventResponse:
    public int getEventType()
    public com.google.android.gms.drive.events.ChangeEvent fa()
    public com.google.android.gms.drive.events.ConflictEvent fb()
com.google.android.gms.drive.internal.OnListEntriesResponse:
    public com.google.android.gms.common.data.DataHolder fc()
com.google.android.gms.drive.internal.OnListParentsResponse:
    public com.google.android.gms.common.data.DataHolder fd()
com.google.android.gms.drive.internal.OnMetadataResponse:
    public com.google.android.gms.drive.metadata.internal.MetadataBundle fe()
com.google.android.gms.drive.internal.OpenContentsRequest:
    public OpenContentsRequest(com.google.android.gms.drive.DriveId,int)
com.google.android.gms.drive.internal.OpenFileIntentSenderRequest:
    public OpenFileIntentSenderRequest(java.lang.String,java.lang.String[],com.google.android.gms.drive.DriveId)
com.google.android.gms.drive.internal.QueryRequest:
    public QueryRequest(com.google.android.gms.drive.query.Query)
com.google.android.gms.drive.internal.RemoveEventListenerRequest:
    public RemoveEventListenerRequest(com.google.android.gms.drive.DriveId,int)
com.google.android.gms.drive.internal.UpdateMetadataRequest:
    public UpdateMetadataRequest(com.google.android.gms.drive.DriveId,com.google.android.gms.drive.metadata.internal.MetadataBundle)
com.google.android.gms.drive.internal.ak
com.google.android.gms.drive.internal.c
com.google.android.gms.drive.internal.j
com.google.android.gms.drive.internal.l
com.google.android.gms.drive.internal.l$1
com.google.android.gms.drive.internal.l$2
com.google.android.gms.drive.internal.l$3
com.google.android.gms.drive.internal.l$4
com.google.android.gms.drive.internal.l$5
com.google.android.gms.drive.internal.l$a
com.google.android.gms.drive.internal.l$b
com.google.android.gms.drive.internal.l$c
com.google.android.gms.drive.internal.l$d
com.google.android.gms.drive.internal.l$e
com.google.android.gms.drive.internal.l$f
com.google.android.gms.drive.internal.l$g
com.google.android.gms.drive.internal.l$h
com.google.android.gms.drive.internal.l$i
com.google.android.gms.drive.internal.l$j
com.google.android.gms.drive.internal.l$k
com.google.android.gms.drive.internal.l$l
com.google.android.gms.drive.internal.m
com.google.android.gms.drive.internal.n
com.google.android.gms.drive.internal.n$1
com.google.android.gms.drive.internal.n$2
com.google.android.gms.drive.internal.o
com.google.android.gms.drive.internal.o$1
com.google.android.gms.drive.internal.o$2
com.google.android.gms.drive.internal.o$3
com.google.android.gms.drive.internal.o$a
com.google.android.gms.drive.internal.o$b
com.google.android.gms.drive.internal.o$c
com.google.android.gms.drive.internal.o$d
com.google.android.gms.drive.internal.p
com.google.android.gms.drive.internal.q
com.google.android.gms.drive.internal.q$1
com.google.android.gms.drive.internal.q$2
com.google.android.gms.drive.internal.q$a
com.google.android.gms.drive.internal.q$b
com.google.android.gms.drive.internal.q$c
com.google.android.gms.drive.internal.q$d
com.google.android.gms.drive.internal.q$e
com.google.android.gms.drive.internal.r
com.google.android.gms.drive.internal.r$1